<?xml version="1.0" encoding="UTF-8"?>
<!-- Generated by org.testng.reporters.JUnitXMLReporter -->
<testsuite hostname="ADFGs-MacBook-Pro-2.local" ignored="16" name="Default test" tests="1" failures="0" timestamp="17 Jun 2017 17:24:48 GMT" time="0.917" errors="0">
  <testcase name="@BeforeMethod beforeClassMethod" time="0.588" classname="Swoo_Android.maven.AppTest">
    <failure type="org.openqa.selenium.remote.UnreachableBrowserException" message="Could not start a new session. Possible causes are invalid address of the remote server or browser start-up failure.
Build info: version: &amp;apos;2.53.0&amp;apos;, revision: &amp;apos;35ae25b1534ae328c771e0856c93e187490ca824&amp;apos;, time: &amp;apos;2016-03-15 10:43:46&amp;apos;
System info: host: &amp;apos;ADFGs-MacBook-Pro-2.local&amp;apos;, ip: &amp;apos;192.168.1.104&amp;apos;, os.name: &amp;apos;Mac OS X&amp;apos;, os.arch: &amp;apos;x86_64&amp;apos;, os.version: &amp;apos;10.12.5&amp;apos;, java.version: &amp;apos;1.8.0_121&amp;apos;
Driver info: driver.version: AndroidDriver">
      <![CDATA[org.openqa.selenium.remote.UnreachableBrowserException: Could not start a new session. Possible causes are invalid address of the remote server or browser start-up failure.
Build info: version: '2.53.0', revision: '35ae25b1534ae328c771e0856c93e187490ca824', time: '2016-03-15 10:43:46'
System info: host: 'ADFGs-MacBook-Pro-2.local', ip: '192.168.1.104', os.name: 'Mac OS X', os.arch: 'x86_64', os.version: '10.12.5', java.version: '1.8.0_121'
Driver info: driver.version: AndroidDriver
	at org.openqa.selenium.remote.RemoteWebDriver.execute(RemoteWebDriver.java:665)
	at io.appium.java_client.DefaultGenericMobileDriver.execute(DefaultGenericMobileDriver.java:40)
	at io.appium.java_client.AppiumDriver.execute(AppiumDriver.java:1)
	at io.appium.java_client.android.AndroidDriver.execute(AndroidDriver.java:1)
	at org.openqa.selenium.remote.RemoteWebDriver.startSession(RemoteWebDriver.java:249)
	at org.openqa.selenium.remote.RemoteWebDriver.<init>(RemoteWebDriver.java:131)
	at org.openqa.selenium.remote.RemoteWebDriver.<init>(RemoteWebDriver.java:144)
	at io.appium.java_client.DefaultGenericMobileDriver.<init>(DefaultGenericMobileDriver.java:36)
	at io.appium.java_client.AppiumDriver.<init>(AppiumDriver.java:114)
	at io.appium.java_client.AppiumDriver.<init>(AppiumDriver.java:132)
	at io.appium.java_client.android.AndroidDriver.<init>(AndroidDriver.java:92)
	at Swoo_Android.maven.Base.beforeClassMethod(Base.java:78)
	at Swoo_Android.maven.AppTest.beforeClassMethod(AppTest.java:33)
	at sun.reflect.NativeMethodAccessorImpl.invoke0(Native Method)
	at sun.reflect.NativeMethodAccessorImpl.invoke(NativeMethodAccessorImpl.java:62)
	at sun.reflect.DelegatingMethodAccessorImpl.invoke(DelegatingMethodAccessorImpl.java:43)
	at java.lang.reflect.Method.invoke(Method.java:498)
	at org.testng.internal.MethodInvocationHelper.invokeMethod(MethodInvocationHelper.java:108)
	at org.testng.internal.Invoker.invokeConfigurationMethod(Invoker.java:523)
	at org.testng.internal.Invoker.invokeConfigurations(Invoker.java:224)
	at org.testng.internal.Invoker.invokeMethod(Invoker.java:599)
	at org.testng.internal.Invoker.invokeTestMethod(Invoker.java:869)
	at org.testng.internal.Invoker.invokeTestMethods(Invoker.java:1193)
	at org.testng.internal.TestMethodWorker.invokeTestMethods(TestMethodWorker.java:126)
	at org.testng.internal.TestMethodWorker.run(TestMethodWorker.java:109)
	at org.testng.TestRunner.privateRun(TestRunner.java:744)
	at org.testng.TestRunner.run(TestRunner.java:602)
	at org.testng.SuiteRunner.runTest(SuiteRunner.java:380)
	at org.testng.SuiteRunner.runSequentially(SuiteRunner.java:375)
	at org.testng.SuiteRunner.privateRun(SuiteRunner.java:340)
	at org.testng.SuiteRunner.run(SuiteRunner.java:289)
	at org.testng.SuiteRunnerWorker.runSuite(SuiteRunnerWorker.java:52)
	at org.testng.SuiteRunnerWorker.run(SuiteRunnerWorker.java:86)
	at org.testng.TestNG.runSuitesSequentially(TestNG.java:1301)
	at org.testng.TestNG.runSuitesLocally(TestNG.java:1226)
	at org.testng.TestNG.runSuites(TestNG.java:1144)
	at org.testng.TestNG.run(TestNG.java:1115)
	at org.testng.remote.AbstractRemoteTestNG.run(AbstractRemoteTestNG.java:132)
	at org.testng.remote.RemoteTestNG.initAndRun(RemoteTestNG.java:236)
	at org.testng.remote.RemoteTestNG.main(RemoteTestNG.java:81)
Caused by: org.openqa.selenium.WebDriverException: org.apache.http.conn.HttpHostConnectException: Connect to 127.0.0.1:4723 [/127.0.0.1] failed: Connection refused (Connection refused)
Build info: version: '2.53.0', revision: '35ae25b1534ae328c771e0856c93e187490ca824', time: '2016-03-15 10:43:46'
System info: host: 'ADFGs-MacBook-Pro-2.local', ip: '192.168.1.104', os.name: 'Mac OS X', os.arch: 'x86_64', os.version: '10.12.5', java.version: '1.8.0_121'
Driver info: driver.version: AndroidDriver
	at io.appium.java_client.remote.AppiumCommandExecutor.execute(AppiumCommandExecutor.java:84)
	at org.openqa.selenium.remote.RemoteWebDriver.execute(RemoteWebDriver.java:644)
	... 39 more
Caused by: org.apache.http.conn.HttpHostConnectException: Connect to 127.0.0.1:4723 [/127.0.0.1] failed: Connection refused (Connection refused)
	at org.apache.http.impl.conn.DefaultHttpClientConnectionOperator.connect(DefaultHttpClientConnectionOperator.java:158)
	at org.apache.http.impl.conn.PoolingHttpClientConnectionManager.connect(PoolingHttpClientConnectionManager.java:353)
	at org.apache.http.impl.execchain.MainClientExec.establishRoute(MainClientExec.java:380)
	at org.apache.http.impl.execchain.MainClientExec.execute(MainClientExec.java:236)
	at org.apache.http.impl.execchain.ProtocolExec.execute(ProtocolExec.java:184)
	at org.apache.http.impl.execchain.RetryExec.execute(RetryExec.java:88)
	at org.apache.http.impl.execchain.RedirectExec.execute(RedirectExec.java:110)
	at org.apache.http.impl.client.InternalHttpClient.doExecute(InternalHttpClient.java:184)
	at org.apache.http.impl.client.CloseableHttpClient.execute(CloseableHttpClient.java:71)
	at org.apache.http.impl.client.CloseableHttpClient.execute(CloseableHttpClient.java:55)
	at org.openqa.selenium.remote.internal.ApacheHttpClient.fallBackExecute(ApacheHttpClient.java:144)
	at org.openqa.selenium.remote.internal.ApacheHttpClient.execute(ApacheHttpClient.java:90)
	at org.openqa.selenium.remote.HttpCommandExecutor.execute(HttpCommandExecutor.java:142)
	at io.appium.java_client.remote.AppiumCommandExecutor.execute(AppiumCommandExecutor.java:69)
	... 40 more
Caused by: java.net.ConnectException: Connection refused (Connection refused)
	at java.net.PlainSocketImpl.socketConnect(Native Method)
	at java.net.AbstractPlainSocketImpl.doConnect(AbstractPlainSocketImpl.java:350)
	at java.net.AbstractPlainSocketImpl.connectToAddress(AbstractPlainSocketImpl.java:206)
	at java.net.AbstractPlainSocketImpl.connect(AbstractPlainSocketImpl.java:188)
	at java.net.SocksSocketImpl.connect(SocksSocketImpl.java:392)
	at java.net.Socket.connect(Socket.java:589)
	at org.apache.http.conn.socket.PlainConnectionSocketFactory.connectSocket(PlainConnectionSocketFactory.java:74)
	at org.apache.http.impl.conn.DefaultHttpClientConnectionOperator.connect(DefaultHttpClientConnectionOperator.java:141)
	... 53 more
]]>
    </failure>
  </testcase> <!-- @BeforeMethod beforeClassMethod -->
  <testcase name="MemberUserBroadcastVideoPlay" time="0.0" classname="Swoo_Android.maven.AppTest">
    <skipped/>
  </testcase> <!-- MemberUserBroadcastVideoPlay -->
  <testcase name="GuestUserBroadcast" time="0.0" classname="Swoo_Android.maven.AppTest">
    <ignored/>
  </testcase> <!-- GuestUserBroadcast -->
  <testcase name="GuestUserWatchLaterFollowingMyBroadcast" time="0.0" classname="Swoo_Android.maven.AppTest">
    <ignored/>
  </testcase> <!-- GuestUserWatchLaterFollowingMyBroadcast -->
  <testcase name="LoginButtonFunctionality" time="0.0" classname="Swoo_Android.maven.AppTest">
    <ignored/>
  </testcase> <!-- LoginButtonFunctionality -->
  <testcase name="GuestUserBroadcastHome" time="0.0" classname="Swoo_Android.maven.AppTest">
    <ignored/>
  </testcase> <!-- GuestUserBroadcastHome -->
  <testcase name="GuestUserDiscoverSearch" time="0.0" classname="Swoo_Android.maven.AppTest">
    <ignored/>
  </testcase> <!-- GuestUserDiscoverSearch -->
  <testcase name="MemberUserBroadcastAskForIntviteFunctionality" time="0.0" classname="Swoo_Android.maven.AppTest">
    <ignored/>
  </testcase> <!-- MemberUserBroadcastAskForIntviteFunctionality -->
  <testcase name="LoginValidPhoneValidOTP" time="0.0" classname="Swoo_Android.maven.AppTest">
    <ignored/>
  </testcase> <!-- LoginValidPhoneValidOTP -->
  <testcase name="GuestUserBroadcastDetails" time="0.0" classname="Swoo_Android.maven.AppTest">
    <ignored/>
  </testcase> <!-- GuestUserBroadcastDetails -->
  <testcase name="GuestUserNetworkFollowingFollowers" time="0.0" classname="Swoo_Android.maven.AppTest">
    <ignored/>
  </testcase> <!-- GuestUserNetworkFollowingFollowers -->
  <testcase name="GuestUserCommunity" time="0.0" classname="Swoo_Android.maven.AppTest">
    <ignored/>
  </testcase> <!-- GuestUserCommunity -->
  <testcase name="GuestUserLike" time="0.0" classname="Swoo_Android.maven.AppTest">
    <ignored/>
  </testcase> <!-- GuestUserLike -->
  <testcase name="GuestUserDiscover" time="0.0" classname="Swoo_Android.maven.AppTest">
    <ignored/>
  </testcase> <!-- GuestUserDiscover -->
  <testcase name="GuestUserBroadcastNotification" time="0.0" classname="Swoo_Android.maven.AppTest">
    <ignored/>
  </testcase> <!-- GuestUserBroadcastNotification -->
  <testcase name="MemberUserBroadcast" time="0.0" classname="Swoo_Android.maven.AppTest">
    <ignored/>
  </testcase> <!-- MemberUserBroadcast -->
  <testcase name="GuestUserFollow" time="0.0" classname="Swoo_Android.maven.AppTest">
    <ignored/>
  </testcase> <!-- GuestUserFollow -->
  <testcase name="NewUserLogin" time="0.0" classname="Swoo_Android.maven.AppTest">
    <ignored/>
  </testcase> <!-- NewUserLogin -->
</testsuite> <!-- Default test -->
